
ROM used:   4508/32768 (14%)
            4508/32768 (14%) including unused fragments

            2.8 Average locations per line
            13.3 Average locations per statement

RAM used:   80/2048 (4%) at main() level
            101/2048 (5%) worst case

Stack used: 9 worst case (7 in main + 2 for interrupts)
Stack size: 31

Lines Stmts  %   Files
----- ----- ---  -----
  264   200  59  DA1_FINAL.c
  837     0   0  C:\Program Files (x86)\PICC\Devices\18f4550.h
  139    77  23  i2c_lcd.c
  212    63  19  ds1307.c
  163     0   0  C:\Program Files (x86)\PICC\Drivers\stdint.h
----- -----
 1615   340 Total

Page ROM  %  RAM   Vol Diff  Functions:
---- --- --- ---   --- ----  ----------
0     38   0    1             @delay_ms1
0    102   1    3             @I2C_READ_1
0    108   1    1             @I2C_WRITE_1
0    164   2    3   574  5.9  i2c_send_nibble
0    108   1    3   149  2.8  lcd_send_byte
0     32   0    0    61  1.9  lcd_clear
0     30   0    0             @const672
0    266   3    5   902  5.8  lcd_init
0     98   1    7   681  8.0  lcd_gotoxy
0     66   1    1   332  5.3  LCD_PUTC
0     26   0    2    75  2.8  bcd_to_decimal
0     40   0    3             @DIV88
0    264   3    1  1114  4.4  RTC_Get
0     36   0    0             @const766
0     68   1    2   229  5.0  shiftOut
0     62   1    1   142  3.5  updateDisplay
0    182   2    0   510  3.8  updateTime
0     46   1    0   113  1.3  Start_Signal
0    132   1    2   293  5.0  Check_Response
0    172   2    5   472  7.8  Read_Data
0    458   5    2  1902  7.9  readDHT22
0     66   1    5             @DIV1616
0    138   2    1   990  4.8  setup
0    498   6    0  1142  3.9  hengio
0      8   0    0             @const807
0     32   0    2             @PSTRINGC_683
0     20   0    0             @const809
0     22   0    0             @const810
0     30   0    3             @PSTRINGCN_683
0    102   1    2             @PRINTF_U_683
0     18   0    0             @const816
0    170   2    6             @PRINTF_D_683
0     18   0    0             @const823
0    550   6    1  1479  6.8  MAIN
0     10   0    0             @const827
0     12   0    0             @const828
0     22   0    0             @const829
0     16   0    0             @const830
0     18   0    0             @const831
0     12   0    0             @const832
0     14   0    0             @const833
0     36   0    2             @PSTRINGR_683
0     10   0    0             @const835
0     42   0    0             @const836
 Inline         0             @cinit1

Program metrics:
    Functions               18
    Statements              340
    Comments                216
    Volume (V)              18128
    Difficulty (D)          86.2
    Effort to implement (E) 1563483
    Time to implement (T)   24 hours, 8 minutes
    Est Delivered Bugs (B)  4
    Cyclomatic Complexity   47
    Maintainability (MI)    47

 Segment     Used  Free
-----------  ----  ----
00000-00002     4  0  
00004-00006     0  4  
00008-00094   142  0  
00096-07FFE  4362  28256  



